

Started GET "/uri" for 127.0.0.1 at 2013-01-22 23:20:44 -0500

ActionController::RoutingError (No route matches [GET] "/uri"):
  actionpack (3.2.1) lib/action_dispatch/middleware/debug_exceptions.rb:21:in `call'
  actionpack (3.2.1) lib/action_dispatch/middleware/show_exceptions.rb:56:in `call'
  railties (3.2.1) lib/rails/rack/logger.rb:26:in `call_app'
  railties (3.2.1) lib/rails/rack/logger.rb:16:in `call'
  actionpack (3.2.1) lib/action_dispatch/middleware/request_id.rb:22:in `call'
  rack (1.4.4) lib/rack/methodoverride.rb:21:in `call'
  rack (1.4.4) lib/rack/runtime.rb:17:in `call'
  activesupport (3.2.1) lib/active_support/cache/strategy/local_cache.rb:72:in `call'
  rack (1.4.4) lib/rack/lock.rb:15:in `call'
  actionpack (3.2.1) lib/action_dispatch/middleware/static.rb:53:in `call'
  railties (3.2.1) lib/rails/engine.rb:479:in `call'
  railties (3.2.1) lib/rails/application.rb:220:in `call'
  rack-test (0.6.2) lib/rack/mock_session.rb:30:in `request'
  rack-test (0.6.2) lib/rack/test.rb:230:in `process_request'
  rack-test (0.6.2) lib/rack/test.rb:123:in `request'
  actionpack (3.2.1) lib/action_dispatch/testing/integration.rb:289:in `process'
  actionpack (3.2.1) lib/action_dispatch/testing/integration.rb:33:in `get'
  (irb):1:in `irb_binding'
  C:/RailsInstaller/Ruby1.9.3/lib/ruby/1.9.1/irb/workspace.rb:80:in `eval'
  C:/RailsInstaller/Ruby1.9.3/lib/ruby/1.9.1/irb/workspace.rb:80:in `evaluate'
  C:/RailsInstaller/Ruby1.9.3/lib/ruby/1.9.1/irb/context.rb:254:in `evaluate'
  C:/RailsInstaller/Ruby1.9.3/lib/ruby/1.9.1/irb.rb:159:in `block (2 levels) in eval_input'
  C:/RailsInstaller/Ruby1.9.3/lib/ruby/1.9.1/irb.rb:273:in `signal_status'
  C:/RailsInstaller/Ruby1.9.3/lib/ruby/1.9.1/irb.rb:156:in `block in eval_input'
  C:/RailsInstaller/Ruby1.9.3/lib/ruby/1.9.1/irb/ruby-lex.rb:243:in `block (2 levels) in each_top_level_statement'
  C:/RailsInstaller/Ruby1.9.3/lib/ruby/1.9.1/irb/ruby-lex.rb:229:in `loop'
  C:/RailsInstaller/Ruby1.9.3/lib/ruby/1.9.1/irb/ruby-lex.rb:229:in `block in each_top_level_statement'
  C:/RailsInstaller/Ruby1.9.3/lib/ruby/1.9.1/irb/ruby-lex.rb:228:in `catch'
  C:/RailsInstaller/Ruby1.9.3/lib/ruby/1.9.1/irb/ruby-lex.rb:228:in `each_top_level_statement'
  C:/RailsInstaller/Ruby1.9.3/lib/ruby/1.9.1/irb.rb:155:in `eval_input'
  C:/RailsInstaller/Ruby1.9.3/lib/ruby/1.9.1/irb.rb:70:in `block in start'
  C:/RailsInstaller/Ruby1.9.3/lib/ruby/1.9.1/irb.rb:69:in `catch'
  C:/RailsInstaller/Ruby1.9.3/lib/ruby/1.9.1/irb.rb:69:in `start'
  railties (3.2.1) lib/rails/commands/console.rb:47:in `start'
  railties (3.2.1) lib/rails/commands/console.rb:8:in `start'
  railties (3.2.1) lib/rails/commands.rb:41:in `<top (required)>'
  script/rails:6:in `require'
  script/rails:6:in `<main>'


  Rendered C:/RailsInstaller/Ruby1.9.3/lib/ruby/gems/1.9.1/gems/actionpack-3.2.1/lib/action_dispatch/middleware/templates/rescues/routing_error.erb within rescues/layout (43.0ms)


Started POST "/uri" for 127.0.0.1 at 2013-01-22 23:20:56 -0500

ActionController::RoutingError (No route matches [POST] "/uri"):
  actionpack (3.2.1) lib/action_dispatch/middleware/debug_exceptions.rb:21:in `call'
  actionpack (3.2.1) lib/action_dispatch/middleware/show_exceptions.rb:56:in `call'
  railties (3.2.1) lib/rails/rack/logger.rb:26:in `call_app'
  railties (3.2.1) lib/rails/rack/logger.rb:16:in `call'
  actionpack (3.2.1) lib/action_dispatch/middleware/request_id.rb:22:in `call'
  rack (1.4.4) lib/rack/methodoverride.rb:21:in `call'
  rack (1.4.4) lib/rack/runtime.rb:17:in `call'
  activesupport (3.2.1) lib/active_support/cache/strategy/local_cache.rb:72:in `call'
  rack (1.4.4) lib/rack/lock.rb:15:in `call'
  actionpack (3.2.1) lib/action_dispatch/middleware/static.rb:53:in `call'
  railties (3.2.1) lib/rails/engine.rb:479:in `call'
  railties (3.2.1) lib/rails/application.rb:220:in `call'
  rack-test (0.6.2) lib/rack/mock_session.rb:30:in `request'
  rack-test (0.6.2) lib/rack/test.rb:230:in `process_request'
  rack-test (0.6.2) lib/rack/test.rb:123:in `request'
  actionpack (3.2.1) lib/action_dispatch/testing/integration.rb:289:in `process'
  actionpack (3.2.1) lib/action_dispatch/testing/integration.rb:39:in `post'
  (irb):2:in `irb_binding'
  C:/RailsInstaller/Ruby1.9.3/lib/ruby/1.9.1/irb/workspace.rb:80:in `eval'
  C:/RailsInstaller/Ruby1.9.3/lib/ruby/1.9.1/irb/workspace.rb:80:in `evaluate'
  C:/RailsInstaller/Ruby1.9.3/lib/ruby/1.9.1/irb/context.rb:254:in `evaluate'
  C:/RailsInstaller/Ruby1.9.3/lib/ruby/1.9.1/irb.rb:159:in `block (2 levels) in eval_input'
  C:/RailsInstaller/Ruby1.9.3/lib/ruby/1.9.1/irb.rb:273:in `signal_status'
  C:/RailsInstaller/Ruby1.9.3/lib/ruby/1.9.1/irb.rb:156:in `block in eval_input'
  C:/RailsInstaller/Ruby1.9.3/lib/ruby/1.9.1/irb/ruby-lex.rb:243:in `block (2 levels) in each_top_level_statement'
  C:/RailsInstaller/Ruby1.9.3/lib/ruby/1.9.1/irb/ruby-lex.rb:229:in `loop'
  C:/RailsInstaller/Ruby1.9.3/lib/ruby/1.9.1/irb/ruby-lex.rb:229:in `block in each_top_level_statement'
  C:/RailsInstaller/Ruby1.9.3/lib/ruby/1.9.1/irb/ruby-lex.rb:228:in `catch'
  C:/RailsInstaller/Ruby1.9.3/lib/ruby/1.9.1/irb/ruby-lex.rb:228:in `each_top_level_statement'
  C:/RailsInstaller/Ruby1.9.3/lib/ruby/1.9.1/irb.rb:155:in `eval_input'
  C:/RailsInstaller/Ruby1.9.3/lib/ruby/1.9.1/irb.rb:70:in `block in start'
  C:/RailsInstaller/Ruby1.9.3/lib/ruby/1.9.1/irb.rb:69:in `catch'
  C:/RailsInstaller/Ruby1.9.3/lib/ruby/1.9.1/irb.rb:69:in `start'
  railties (3.2.1) lib/rails/commands/console.rb:47:in `start'
  railties (3.2.1) lib/rails/commands/console.rb:8:in `start'
  railties (3.2.1) lib/rails/commands.rb:41:in `<top (required)>'
  script/rails:6:in `require'
  script/rails:6:in `<main>'


  Rendered C:/RailsInstaller/Ruby1.9.3/lib/ruby/gems/1.9.1/gems/actionpack-3.2.1/lib/action_dispatch/middleware/templates/rescues/routing_error.erb within rescues/layout (1.0ms)


Started PUT "/uri" for 127.0.0.1 at 2013-01-22 23:21:13 -0500

ActionController::RoutingError (No route matches [PUT] "/uri"):
  actionpack (3.2.1) lib/action_dispatch/middleware/debug_exceptions.rb:21:in `call'
  actionpack (3.2.1) lib/action_dispatch/middleware/show_exceptions.rb:56:in `call'
  railties (3.2.1) lib/rails/rack/logger.rb:26:in `call_app'
  railties (3.2.1) lib/rails/rack/logger.rb:16:in `call'
  actionpack (3.2.1) lib/action_dispatch/middleware/request_id.rb:22:in `call'
  rack (1.4.4) lib/rack/methodoverride.rb:21:in `call'
  rack (1.4.4) lib/rack/runtime.rb:17:in `call'
  activesupport (3.2.1) lib/active_support/cache/strategy/local_cache.rb:72:in `call'
  rack (1.4.4) lib/rack/lock.rb:15:in `call'
  actionpack (3.2.1) lib/action_dispatch/middleware/static.rb:53:in `call'
  railties (3.2.1) lib/rails/engine.rb:479:in `call'
  railties (3.2.1) lib/rails/application.rb:220:in `call'
  rack-test (0.6.2) lib/rack/mock_session.rb:30:in `request'
  rack-test (0.6.2) lib/rack/test.rb:230:in `process_request'
  rack-test (0.6.2) lib/rack/test.rb:123:in `request'
  actionpack (3.2.1) lib/action_dispatch/testing/integration.rb:289:in `process'
  actionpack (3.2.1) lib/action_dispatch/testing/integration.rb:45:in `put'
  (irb):3:in `irb_binding'
  C:/RailsInstaller/Ruby1.9.3/lib/ruby/1.9.1/irb/workspace.rb:80:in `eval'
  C:/RailsInstaller/Ruby1.9.3/lib/ruby/1.9.1/irb/workspace.rb:80:in `evaluate'
  C:/RailsInstaller/Ruby1.9.3/lib/ruby/1.9.1/irb/context.rb:254:in `evaluate'
  C:/RailsInstaller/Ruby1.9.3/lib/ruby/1.9.1/irb.rb:159:in `block (2 levels) in eval_input'
  C:/RailsInstaller/Ruby1.9.3/lib/ruby/1.9.1/irb.rb:273:in `signal_status'
  C:/RailsInstaller/Ruby1.9.3/lib/ruby/1.9.1/irb.rb:156:in `block in eval_input'
  C:/RailsInstaller/Ruby1.9.3/lib/ruby/1.9.1/irb/ruby-lex.rb:243:in `block (2 levels) in each_top_level_statement'
  C:/RailsInstaller/Ruby1.9.3/lib/ruby/1.9.1/irb/ruby-lex.rb:229:in `loop'
  C:/RailsInstaller/Ruby1.9.3/lib/ruby/1.9.1/irb/ruby-lex.rb:229:in `block in each_top_level_statement'
  C:/RailsInstaller/Ruby1.9.3/lib/ruby/1.9.1/irb/ruby-lex.rb:228:in `catch'
  C:/RailsInstaller/Ruby1.9.3/lib/ruby/1.9.1/irb/ruby-lex.rb:228:in `each_top_level_statement'
  C:/RailsInstaller/Ruby1.9.3/lib/ruby/1.9.1/irb.rb:155:in `eval_input'
  C:/RailsInstaller/Ruby1.9.3/lib/ruby/1.9.1/irb.rb:70:in `block in start'
  C:/RailsInstaller/Ruby1.9.3/lib/ruby/1.9.1/irb.rb:69:in `catch'
  C:/RailsInstaller/Ruby1.9.3/lib/ruby/1.9.1/irb.rb:69:in `start'
  railties (3.2.1) lib/rails/commands/console.rb:47:in `start'
  railties (3.2.1) lib/rails/commands/console.rb:8:in `start'
  railties (3.2.1) lib/rails/commands.rb:41:in `<top (required)>'
  script/rails:6:in `require'
  script/rails:6:in `<main>'


  Rendered C:/RailsInstaller/Ruby1.9.3/lib/ruby/gems/1.9.1/gems/actionpack-3.2.1/lib/action_dispatch/middleware/templates/rescues/routing_error.erb within rescues/layout (1.0ms)


Started DELETE "/uri" for 127.0.0.1 at 2013-01-22 23:21:22 -0500

ActionController::RoutingError (No route matches [DELETE] "/uri"):
  actionpack (3.2.1) lib/action_dispatch/middleware/debug_exceptions.rb:21:in `call'
  actionpack (3.2.1) lib/action_dispatch/middleware/show_exceptions.rb:56:in `call'
  railties (3.2.1) lib/rails/rack/logger.rb:26:in `call_app'
  railties (3.2.1) lib/rails/rack/logger.rb:16:in `call'
  actionpack (3.2.1) lib/action_dispatch/middleware/request_id.rb:22:in `call'
  rack (1.4.4) lib/rack/methodoverride.rb:21:in `call'
  rack (1.4.4) lib/rack/runtime.rb:17:in `call'
  activesupport (3.2.1) lib/active_support/cache/strategy/local_cache.rb:72:in `call'
  rack (1.4.4) lib/rack/lock.rb:15:in `call'
  actionpack (3.2.1) lib/action_dispatch/middleware/static.rb:53:in `call'
  railties (3.2.1) lib/rails/engine.rb:479:in `call'
  railties (3.2.1) lib/rails/application.rb:220:in `call'
  rack-test (0.6.2) lib/rack/mock_session.rb:30:in `request'
  rack-test (0.6.2) lib/rack/test.rb:230:in `process_request'
  rack-test (0.6.2) lib/rack/test.rb:123:in `request'
  actionpack (3.2.1) lib/action_dispatch/testing/integration.rb:289:in `process'
  actionpack (3.2.1) lib/action_dispatch/testing/integration.rb:51:in `delete'
  (irb):4:in `irb_binding'
  C:/RailsInstaller/Ruby1.9.3/lib/ruby/1.9.1/irb/workspace.rb:80:in `eval'
  C:/RailsInstaller/Ruby1.9.3/lib/ruby/1.9.1/irb/workspace.rb:80:in `evaluate'
  C:/RailsInstaller/Ruby1.9.3/lib/ruby/1.9.1/irb/context.rb:254:in `evaluate'
  C:/RailsInstaller/Ruby1.9.3/lib/ruby/1.9.1/irb.rb:159:in `block (2 levels) in eval_input'
  C:/RailsInstaller/Ruby1.9.3/lib/ruby/1.9.1/irb.rb:273:in `signal_status'
  C:/RailsInstaller/Ruby1.9.3/lib/ruby/1.9.1/irb.rb:156:in `block in eval_input'
  C:/RailsInstaller/Ruby1.9.3/lib/ruby/1.9.1/irb/ruby-lex.rb:243:in `block (2 levels) in each_top_level_statement'
  C:/RailsInstaller/Ruby1.9.3/lib/ruby/1.9.1/irb/ruby-lex.rb:229:in `loop'
  C:/RailsInstaller/Ruby1.9.3/lib/ruby/1.9.1/irb/ruby-lex.rb:229:in `block in each_top_level_statement'
  C:/RailsInstaller/Ruby1.9.3/lib/ruby/1.9.1/irb/ruby-lex.rb:228:in `catch'
  C:/RailsInstaller/Ruby1.9.3/lib/ruby/1.9.1/irb/ruby-lex.rb:228:in `each_top_level_statement'
  C:/RailsInstaller/Ruby1.9.3/lib/ruby/1.9.1/irb.rb:155:in `eval_input'
  C:/RailsInstaller/Ruby1.9.3/lib/ruby/1.9.1/irb.rb:70:in `block in start'
  C:/RailsInstaller/Ruby1.9.3/lib/ruby/1.9.1/irb.rb:69:in `catch'
  C:/RailsInstaller/Ruby1.9.3/lib/ruby/1.9.1/irb.rb:69:in `start'
  railties (3.2.1) lib/rails/commands/console.rb:47:in `start'
  railties (3.2.1) lib/rails/commands/console.rb:8:in `start'
  railties (3.2.1) lib/rails/commands.rb:41:in `<top (required)>'
  script/rails:6:in `require'
  script/rails:6:in `<main>'


  Rendered C:/RailsInstaller/Ruby1.9.3/lib/ruby/gems/1.9.1/gems/actionpack-3.2.1/lib/action_dispatch/middleware/templates/rescues/routing_error.erb within rescues/layout (1.0ms)


Started GET "/uri" for 127.0.0.1 at 2013-01-22 23:23:18 -0500

ActionController::RoutingError (No route matches [GET] "/uri"):
  actionpack (3.2.1) lib/action_dispatch/middleware/debug_exceptions.rb:21:in `call'
  actionpack (3.2.1) lib/action_dispatch/middleware/show_exceptions.rb:56:in `call'
  railties (3.2.1) lib/rails/rack/logger.rb:26:in `call_app'
  railties (3.2.1) lib/rails/rack/logger.rb:16:in `call'
  actionpack (3.2.1) lib/action_dispatch/middleware/request_id.rb:22:in `call'
  rack (1.4.4) lib/rack/methodoverride.rb:21:in `call'
  rack (1.4.4) lib/rack/runtime.rb:17:in `call'
  activesupport (3.2.1) lib/active_support/cache/strategy/local_cache.rb:72:in `call'
  rack (1.4.4) lib/rack/lock.rb:15:in `call'
  actionpack (3.2.1) lib/action_dispatch/middleware/static.rb:53:in `call'
  railties (3.2.1) lib/rails/engine.rb:479:in `call'
  railties (3.2.1) lib/rails/application.rb:220:in `call'
  rack-test (0.6.2) lib/rack/mock_session.rb:30:in `request'
  rack-test (0.6.2) lib/rack/test.rb:230:in `process_request'
  rack-test (0.6.2) lib/rack/test.rb:123:in `request'
  actionpack (3.2.1) lib/action_dispatch/testing/integration.rb:289:in `process'
  actionpack (3.2.1) lib/action_dispatch/testing/integration.rb:33:in `get'
  (irb):1:in `irb_binding'
  C:/RailsInstaller/Ruby1.9.3/lib/ruby/1.9.1/irb/workspace.rb:80:in `eval'
  C:/RailsInstaller/Ruby1.9.3/lib/ruby/1.9.1/irb/workspace.rb:80:in `evaluate'
  C:/RailsInstaller/Ruby1.9.3/lib/ruby/1.9.1/irb/context.rb:254:in `evaluate'
  C:/RailsInstaller/Ruby1.9.3/lib/ruby/1.9.1/irb.rb:159:in `block (2 levels) in eval_input'
  C:/RailsInstaller/Ruby1.9.3/lib/ruby/1.9.1/irb.rb:273:in `signal_status'
  C:/RailsInstaller/Ruby1.9.3/lib/ruby/1.9.1/irb.rb:156:in `block in eval_input'
  C:/RailsInstaller/Ruby1.9.3/lib/ruby/1.9.1/irb/ruby-lex.rb:243:in `block (2 levels) in each_top_level_statement'
  C:/RailsInstaller/Ruby1.9.3/lib/ruby/1.9.1/irb/ruby-lex.rb:229:in `loop'
  C:/RailsInstaller/Ruby1.9.3/lib/ruby/1.9.1/irb/ruby-lex.rb:229:in `block in each_top_level_statement'
  C:/RailsInstaller/Ruby1.9.3/lib/ruby/1.9.1/irb/ruby-lex.rb:228:in `catch'
  C:/RailsInstaller/Ruby1.9.3/lib/ruby/1.9.1/irb/ruby-lex.rb:228:in `each_top_level_statement'
  C:/RailsInstaller/Ruby1.9.3/lib/ruby/1.9.1/irb.rb:155:in `eval_input'
  C:/RailsInstaller/Ruby1.9.3/lib/ruby/1.9.1/irb.rb:70:in `block in start'
  C:/RailsInstaller/Ruby1.9.3/lib/ruby/1.9.1/irb.rb:69:in `catch'
  C:/RailsInstaller/Ruby1.9.3/lib/ruby/1.9.1/irb.rb:69:in `start'
  railties (3.2.1) lib/rails/commands/console.rb:47:in `start'
  railties (3.2.1) lib/rails/commands/console.rb:8:in `start'
  railties (3.2.1) lib/rails/commands.rb:41:in `<top (required)>'
  script/rails:6:in `require'
  script/rails:6:in `<main>'


  Rendered C:/RailsInstaller/Ruby1.9.3/lib/ruby/gems/1.9.1/gems/actionpack-3.2.1/lib/action_dispatch/middleware/templates/rescues/routing_error.erb within rescues/layout (44.0ms)


Started POST "/uri" for 127.0.0.1 at 2013-01-22 23:23:23 -0500

ActionController::RoutingError (No route matches [POST] "/uri"):
  actionpack (3.2.1) lib/action_dispatch/middleware/debug_exceptions.rb:21:in `call'
  actionpack (3.2.1) lib/action_dispatch/middleware/show_exceptions.rb:56:in `call'
  railties (3.2.1) lib/rails/rack/logger.rb:26:in `call_app'
  railties (3.2.1) lib/rails/rack/logger.rb:16:in `call'
  actionpack (3.2.1) lib/action_dispatch/middleware/request_id.rb:22:in `call'
  rack (1.4.4) lib/rack/methodoverride.rb:21:in `call'
  rack (1.4.4) lib/rack/runtime.rb:17:in `call'
  activesupport (3.2.1) lib/active_support/cache/strategy/local_cache.rb:72:in `call'
  rack (1.4.4) lib/rack/lock.rb:15:in `call'
  actionpack (3.2.1) lib/action_dispatch/middleware/static.rb:53:in `call'
  railties (3.2.1) lib/rails/engine.rb:479:in `call'
  railties (3.2.1) lib/rails/application.rb:220:in `call'
  rack-test (0.6.2) lib/rack/mock_session.rb:30:in `request'
  rack-test (0.6.2) lib/rack/test.rb:230:in `process_request'
  rack-test (0.6.2) lib/rack/test.rb:123:in `request'
  actionpack (3.2.1) lib/action_dispatch/testing/integration.rb:289:in `process'
  actionpack (3.2.1) lib/action_dispatch/testing/integration.rb:39:in `post'
  (irb):2:in `irb_binding'
  C:/RailsInstaller/Ruby1.9.3/lib/ruby/1.9.1/irb/workspace.rb:80:in `eval'
  C:/RailsInstaller/Ruby1.9.3/lib/ruby/1.9.1/irb/workspace.rb:80:in `evaluate'
  C:/RailsInstaller/Ruby1.9.3/lib/ruby/1.9.1/irb/context.rb:254:in `evaluate'
  C:/RailsInstaller/Ruby1.9.3/lib/ruby/1.9.1/irb.rb:159:in `block (2 levels) in eval_input'
  C:/RailsInstaller/Ruby1.9.3/lib/ruby/1.9.1/irb.rb:273:in `signal_status'
  C:/RailsInstaller/Ruby1.9.3/lib/ruby/1.9.1/irb.rb:156:in `block in eval_input'
  C:/RailsInstaller/Ruby1.9.3/lib/ruby/1.9.1/irb/ruby-lex.rb:243:in `block (2 levels) in each_top_level_statement'
  C:/RailsInstaller/Ruby1.9.3/lib/ruby/1.9.1/irb/ruby-lex.rb:229:in `loop'
  C:/RailsInstaller/Ruby1.9.3/lib/ruby/1.9.1/irb/ruby-lex.rb:229:in `block in each_top_level_statement'
  C:/RailsInstaller/Ruby1.9.3/lib/ruby/1.9.1/irb/ruby-lex.rb:228:in `catch'
  C:/RailsInstaller/Ruby1.9.3/lib/ruby/1.9.1/irb/ruby-lex.rb:228:in `each_top_level_statement'
  C:/RailsInstaller/Ruby1.9.3/lib/ruby/1.9.1/irb.rb:155:in `eval_input'
  C:/RailsInstaller/Ruby1.9.3/lib/ruby/1.9.1/irb.rb:70:in `block in start'
  C:/RailsInstaller/Ruby1.9.3/lib/ruby/1.9.1/irb.rb:69:in `catch'
  C:/RailsInstaller/Ruby1.9.3/lib/ruby/1.9.1/irb.rb:69:in `start'
  railties (3.2.1) lib/rails/commands/console.rb:47:in `start'
  railties (3.2.1) lib/rails/commands/console.rb:8:in `start'
  railties (3.2.1) lib/rails/commands.rb:41:in `<top (required)>'
  script/rails:6:in `require'
  script/rails:6:in `<main>'


  Rendered C:/RailsInstaller/Ruby1.9.3/lib/ruby/gems/1.9.1/gems/actionpack-3.2.1/lib/action_dispatch/middleware/templates/rescues/routing_error.erb within rescues/layout (1.0ms)


Started PUT "/uri" for 127.0.0.1 at 2013-01-22 23:23:29 -0500

ActionController::RoutingError (No route matches [PUT] "/uri"):
  actionpack (3.2.1) lib/action_dispatch/middleware/debug_exceptions.rb:21:in `call'
  actionpack (3.2.1) lib/action_dispatch/middleware/show_exceptions.rb:56:in `call'
  railties (3.2.1) lib/rails/rack/logger.rb:26:in `call_app'
  railties (3.2.1) lib/rails/rack/logger.rb:16:in `call'
  actionpack (3.2.1) lib/action_dispatch/middleware/request_id.rb:22:in `call'
  rack (1.4.4) lib/rack/methodoverride.rb:21:in `call'
  rack (1.4.4) lib/rack/runtime.rb:17:in `call'
  activesupport (3.2.1) lib/active_support/cache/strategy/local_cache.rb:72:in `call'
  rack (1.4.4) lib/rack/lock.rb:15:in `call'
  actionpack (3.2.1) lib/action_dispatch/middleware/static.rb:53:in `call'
  railties (3.2.1) lib/rails/engine.rb:479:in `call'
  railties (3.2.1) lib/rails/application.rb:220:in `call'
  rack-test (0.6.2) lib/rack/mock_session.rb:30:in `request'
  rack-test (0.6.2) lib/rack/test.rb:230:in `process_request'
  rack-test (0.6.2) lib/rack/test.rb:123:in `request'
  actionpack (3.2.1) lib/action_dispatch/testing/integration.rb:289:in `process'
  actionpack (3.2.1) lib/action_dispatch/testing/integration.rb:45:in `put'
  (irb):3:in `irb_binding'
  C:/RailsInstaller/Ruby1.9.3/lib/ruby/1.9.1/irb/workspace.rb:80:in `eval'
  C:/RailsInstaller/Ruby1.9.3/lib/ruby/1.9.1/irb/workspace.rb:80:in `evaluate'
  C:/RailsInstaller/Ruby1.9.3/lib/ruby/1.9.1/irb/context.rb:254:in `evaluate'
  C:/RailsInstaller/Ruby1.9.3/lib/ruby/1.9.1/irb.rb:159:in `block (2 levels) in eval_input'
  C:/RailsInstaller/Ruby1.9.3/lib/ruby/1.9.1/irb.rb:273:in `signal_status'
  C:/RailsInstaller/Ruby1.9.3/lib/ruby/1.9.1/irb.rb:156:in `block in eval_input'
  C:/RailsInstaller/Ruby1.9.3/lib/ruby/1.9.1/irb/ruby-lex.rb:243:in `block (2 levels) in each_top_level_statement'
  C:/RailsInstaller/Ruby1.9.3/lib/ruby/1.9.1/irb/ruby-lex.rb:229:in `loop'
  C:/RailsInstaller/Ruby1.9.3/lib/ruby/1.9.1/irb/ruby-lex.rb:229:in `block in each_top_level_statement'
  C:/RailsInstaller/Ruby1.9.3/lib/ruby/1.9.1/irb/ruby-lex.rb:228:in `catch'
  C:/RailsInstaller/Ruby1.9.3/lib/ruby/1.9.1/irb/ruby-lex.rb:228:in `each_top_level_statement'
  C:/RailsInstaller/Ruby1.9.3/lib/ruby/1.9.1/irb.rb:155:in `eval_input'
  C:/RailsInstaller/Ruby1.9.3/lib/ruby/1.9.1/irb.rb:70:in `block in start'
  C:/RailsInstaller/Ruby1.9.3/lib/ruby/1.9.1/irb.rb:69:in `catch'
  C:/RailsInstaller/Ruby1.9.3/lib/ruby/1.9.1/irb.rb:69:in `start'
  railties (3.2.1) lib/rails/commands/console.rb:47:in `start'
  railties (3.2.1) lib/rails/commands/console.rb:8:in `start'
  railties (3.2.1) lib/rails/commands.rb:41:in `<top (required)>'
  script/rails:6:in `require'
  script/rails:6:in `<main>'


  Rendered C:/RailsInstaller/Ruby1.9.3/lib/ruby/gems/1.9.1/gems/actionpack-3.2.1/lib/action_dispatch/middleware/templates/rescues/routing_error.erb within rescues/layout (2.0ms)
  [1m[36m (0.0ms)[0m  [1mselect sqlite_version(*)[0m
  [1m[35m (5.0ms)[0m  CREATE TABLE "schema_migrations" ("version" varchar(255) NOT NULL) 
  [1m[36m (0.0ms)[0m  [1mPRAGMA index_list("schema_migrations")[0m
  [1m[35m (5.0ms)[0m  CREATE UNIQUE INDEX "unique_schema_migrations" ON "schema_migrations" ("version")
  [1m[36m (1.0ms)[0m  [1mSELECT "schema_migrations"."version" FROM "schema_migrations" [0m
Migrating to CreatePosts (20130123035643)
  [1m[35m (0.0ms)[0m  begin transaction
  [1m[36m (2.0ms)[0m  [1mCREATE TABLE "posts" ("id" INTEGER PRIMARY KEY AUTOINCREMENT NOT NULL, "name" varchar(255), "title" varchar(255), "content" text, "created_at" datetime NOT NULL, "updated_at" datetime NOT NULL) [0m
  [1m[35m (0.0ms)[0m  INSERT INTO "schema_migrations" ("version") VALUES ('20130123035643')
  [1m[36m (3.0ms)[0m  [1mcommit transaction[0m
Migrating to Contact (20130206183938)
  [1m[35m (0.0ms)[0m  begin transaction
  [1m[36m (1.0ms)[0m  [1mINSERT INTO "schema_migrations" ("version") VALUES ('20130206183938')[0m
  [1m[35m (3.0ms)[0m  commit transaction
  [1m[36m (0.0ms)[0m  [1mselect sqlite_version(*)[0m
  [1m[35m (1.0ms)[0m  SELECT "schema_migrations"."version" FROM "schema_migrations" 
  [1m[36m (0.0ms)[0m  [1mPRAGMA index_list("posts")[0m


Started GET "/assets/autobot.gif" for 127.0.0.1 at 2013-02-06 19:24:50 -0500
Served asset /autobot.gif - 200 OK (130ms)


Started GET "/posts" for 127.0.0.1 at 2013-02-06 19:25:02 -0500
Processing by PostsController#index as HTML
  [1m[36mPost Load (1.0ms)[0m  [1mSELECT "posts".* FROM "posts" [0m
  Rendered posts/index.html.erb within layouts/application (101.0ms)
Compiled posts.css  (85ms)  (pid 16120)
Compiled scaffolds.css  (26ms)  (pid 16120)
Compiled application.css  (256ms)  (pid 16120)
Compiled jquery.js  (6ms)  (pid 16120)
Compiled jquery_ujs.js  (0ms)  (pid 16120)
Compiled posts.js  (1155ms)  (pid 16120)
Compiled application.js  (1446ms)  (pid 16120)
Completed 200 OK in 2242ms (Views: 2240.1ms | ActiveRecord: 1.0ms)


Started GET "/assets/posts.css?body=1" for 127.0.0.1 at 2013-02-06 19:25:05 -0500
Served asset /posts.css - 200 OK (12ms)


Started GET "/assets/jquery.js?body=1" for 127.0.0.1 at 2013-02-06 19:25:05 -0500
Served asset /jquery.js - 200 OK (17ms)


Started GET "/assets/application.css?body=1" for 127.0.0.1 at 2013-02-06 19:25:05 -0500
Served asset /application.css - 200 OK (58ms)


Started GET "/assets/scaffolds.css?body=1" for 127.0.0.1 at 2013-02-06 19:25:05 -0500
Served asset /scaffolds.css - 200 OK (3ms)


Started GET "/assets/jquery_ujs.js?body=1" for 127.0.0.1 at 2013-02-06 19:25:05 -0500
Served asset /jquery_ujs.js - 200 OK (8ms)


Started GET "/assets/application.js?body=1" for 127.0.0.1 at 2013-02-06 19:25:05 -0500
Served asset /application.js - 200 OK (13ms)


Started GET "/assets/posts.js?body=1" for 127.0.0.1 at 2013-02-06 19:25:05 -0500
Served asset /posts.js - 200 OK (3ms)


Started GET "/assets/autobot.gif" for 127.0.0.1 at 2013-02-06 19:26:15 -0500
Served asset /autobot.gif - 304 Not Modified (1ms)


Started GET "/assets/autobot.gif" for 127.0.0.1 at 2013-02-06 19:26:18 -0500
Served asset /autobot.gif - 304 Not Modified (0ms)


Started GET "/assets/autobot.gif" for 127.0.0.1 at 2013-02-06 19:26:19 -0500
Served asset /autobot.gif - 304 Not Modified (0ms)


Started GET "/assets/autobot.gif" for 127.0.0.1 at 2013-02-06 19:26:20 -0500
Served asset /autobot.gif - 304 Not Modified (0ms)


Started GET "/" for 127.0.0.1 at 2013-02-06 19:27:47 -0500
Processing by PostsController#index as HTML
  [1m[35mPost Load (0.0ms)[0m  SELECT "posts".* FROM "posts" 
  Rendered posts/index.html.erb within layouts/application (0.0ms)
Completed 200 OK in 21ms (Views: 19.0ms | ActiveRecord: 0.0ms)


Started GET "/assets/scaffolds.css?body=1" for 127.0.0.1 at 2013-02-06 19:27:47 -0500
Served asset /scaffolds.css - 304 Not Modified (0ms)


Started GET "/assets/application.css?body=1" for 127.0.0.1 at 2013-02-06 19:27:47 -0500
Served asset /application.css - 304 Not Modified (0ms)


Started GET "/assets/posts.css?body=1" for 127.0.0.1 at 2013-02-06 19:27:47 -0500
Served asset /posts.css - 304 Not Modified (0ms)


Started GET "/assets/jquery.js?body=1" for 127.0.0.1 at 2013-02-06 19:27:47 -0500
Served asset /jquery.js - 304 Not Modified (0ms)


Started GET "/assets/jquery_ujs.js?body=1" for 127.0.0.1 at 2013-02-06 19:27:47 -0500
Served asset /jquery_ujs.js - 304 Not Modified (1ms)


Started GET "/assets/posts.js?body=1" for 127.0.0.1 at 2013-02-06 19:27:47 -0500
Served asset /posts.js - 304 Not Modified (0ms)


Started GET "/assets/application.js?body=1" for 127.0.0.1 at 2013-02-06 19:27:47 -0500
Served asset /application.js - 304 Not Modified (0ms)
  [1m[36m (0.0ms)[0m  [1mSELECT "schema_migrations"."version" FROM "schema_migrations" [0m
Migrating to CreatePosts (20130123035643)
Migrating to Contact (20130206183938)
Migrating to Hobby (20130207013211)
  [1m[35m (0.0ms)[0m  select sqlite_version(*)
  [1m[36m (0.0ms)[0m  [1mbegin transaction[0m
  [1m[35m (2.0ms)[0m  INSERT INTO "schema_migrations" ("version") VALUES ('20130207013211')
  [1m[36m (2.0ms)[0m  [1mcommit transaction[0m
  [1m[35m (1.0ms)[0m  select sqlite_version(*)
  [1m[36m (0.0ms)[0m  [1mSELECT "schema_migrations"."version" FROM "schema_migrations" [0m
  [1m[35m (0.0ms)[0m  PRAGMA index_list("posts")
  [1m[36m (0.0ms)[0m  [1mSELECT "schema_migrations"."version" FROM "schema_migrations" [0m
Migrating to CreatePosts (20130123035643)
Migrating to Contact (20130206183938)
Migrating to Hobby (20130207013211)
Migrating to Music (20130207013658)
  [1m[35m (0.0ms)[0m  select sqlite_version(*)
  [1m[36m (0.0ms)[0m  [1mbegin transaction[0m
  [1m[35m (2.0ms)[0m  INSERT INTO "schema_migrations" ("version") VALUES ('20130207013658')
  [1m[36m (3.0ms)[0m  [1mcommit transaction[0m
Migrating to Movies (20130207013840)
  [1m[35m (0.0ms)[0m  begin transaction
  [1m[36m (2.0ms)[0m  [1mINSERT INTO "schema_migrations" ("version") VALUES ('20130207013840')[0m
  [1m[35m (2.0ms)[0m  commit transaction
  [1m[36m (1.0ms)[0m  [1mselect sqlite_version(*)[0m
  [1m[35m (0.0ms)[0m  SELECT "schema_migrations"."version" FROM "schema_migrations" 
  [1m[36m (0.0ms)[0m  [1mPRAGMA index_list("posts")[0m


Started GET "/" for 127.0.0.1 at 2013-02-06 22:05:53 -0500
Processing by PostsController#index as HTML
  [1m[36mPost Load (0.0ms)[0m  [1mSELECT "posts".* FROM "posts" [0m
  Rendered posts/index.html.erb within layouts/application (42.0ms)
Completed 200 OK in 219ms (Views: 217.0ms | ActiveRecord: 0.0ms)


Started GET "/assets/application.css?body=1" for 127.0.0.1 at 2013-02-06 22:05:56 -0500
Served asset /application.css - 304 Not Modified (14ms)


Started GET "/assets/posts.css?body=1" for 127.0.0.1 at 2013-02-06 22:05:56 -0500
Served asset /posts.css - 304 Not Modified (6ms)


Started GET "/assets/jquery.js?body=1" for 127.0.0.1 at 2013-02-06 22:05:57 -0500
Served asset /jquery.js - 304 Not Modified (22ms)


Started GET "/assets/scaffolds.css?body=1" for 127.0.0.1 at 2013-02-06 22:05:57 -0500
Served asset /scaffolds.css - 304 Not Modified (7ms)


Started GET "/assets/posts.js?body=1" for 127.0.0.1 at 2013-02-06 22:05:57 -0500
Served asset /posts.js - 304 Not Modified (7ms)


Started GET "/assets/jquery_ujs.js?body=1" for 127.0.0.1 at 2013-02-06 22:05:57 -0500
Served asset /jquery_ujs.js - 304 Not Modified (5ms)


Started GET "/assets/application.js?body=1" for 127.0.0.1 at 2013-02-06 22:05:57 -0500
Served asset /application.js - 304 Not Modified (12ms)
  [1m[36m (1.0ms)[0m  [1mSELECT "schema_migrations"."version" FROM "schema_migrations" [0m
Migrating to CreatePosts (20130123035643)
Migrating to Contact (20130206183938)
Migrating to Hobby (20130207013211)
Migrating to Music (20130207013658)
Migrating to Movies (20130207013840)
Migrating to Issues (20130213064242)
  [1m[35m (0.0ms)[0m  select sqlite_version(*)
  [1m[36m (1.0ms)[0m  [1mbegin transaction[0m
  [1m[35m (1.0ms)[0m  INSERT INTO "schema_migrations" ("version") VALUES ('20130213064242')
  [1m[36m (182.0ms)[0m  [1mcommit transaction[0m
  [1m[35m (1.0ms)[0m  select sqlite_version(*)
  [1m[36m (0.0ms)[0m  [1mSELECT "schema_migrations"."version" FROM "schema_migrations" [0m
  [1m[35m (0.0ms)[0m  PRAGMA index_list("posts")
  [1m[36m (0.0ms)[0m  [1mSELECT "schema_migrations"."version" FROM "schema_migrations" [0m
Migrating to CreatePosts (20130123035643)
Migrating to Contact (20130206183938)
Migrating to Hobby (20130207013211)
Migrating to Music (20130207013658)
Migrating to Movies (20130207013840)
Migrating to Issues (20130213064242)
Migrating to LearnMore (20130213064615)
  [1m[35m (0.0ms)[0m  select sqlite_version(*)
  [1m[36m (0.0ms)[0m  [1mbegin transaction[0m
  [1m[35m (1.0ms)[0m  INSERT INTO "schema_migrations" ("version") VALUES ('20130213064615')
  [1m[36m (8.0ms)[0m  [1mcommit transaction[0m
  [1m[35m (1.0ms)[0m  select sqlite_version(*)
  [1m[36m (1.0ms)[0m  [1mSELECT "schema_migrations"."version" FROM "schema_migrations" [0m
  [1m[35m (0.0ms)[0m  PRAGMA index_list("posts")
  [1m[36m (0.0ms)[0m  [1mSELECT "schema_migrations"."version" FROM "schema_migrations" [0m
Migrating to CreatePosts (20130123035643)
Migrating to Contact (20130206183938)
Migrating to Hobby (20130207013211)
Migrating to Music (20130207013658)
Migrating to Movies (20130207013840)
Migrating to Issues (20130213064242)
Migrating to LearnMore (20130213064615)
Migrating to JOin (20130213064703)
  [1m[35m (0.0ms)[0m  select sqlite_version(*)
  [1m[36m (0.0ms)[0m  [1mbegin transaction[0m
  [1m[35m (2.0ms)[0m  INSERT INTO "schema_migrations" ("version") VALUES ('20130213064703')
  [1m[36m (3.0ms)[0m  [1mcommit transaction[0m
Migrating to JoinStaff (20130213064734)
  [1m[35m (1.0ms)[0m  begin transaction
  [1m[36m (1.0ms)[0m  [1mINSERT INTO "schema_migrations" ("version") VALUES ('20130213064734')[0m
  [1m[35m (3.0ms)[0m  commit transaction
  [1m[36m (1.0ms)[0m  [1mselect sqlite_version(*)[0m
  [1m[35m (0.0ms)[0m  SELECT "schema_migrations"."version" FROM "schema_migrations" 
  [1m[36m (0.0ms)[0m  [1mPRAGMA index_list("posts")[0m
  [1m[36m (0.0ms)[0m  [1mSELECT "schema_migrations"."version" FROM "schema_migrations" [0m
Migrating to CreatePosts (20130123035643)
Migrating to Contact (20130206183938)
Migrating to Hobby (20130207013211)
Migrating to Music (20130207013658)
Migrating to Movies (20130207013840)
Migrating to Issues (20130213064242)
Migrating to LearnMore (20130213064615)
Migrating to JOin (20130213064703)
Migrating to JoinStaff (20130213064734)
Migrating to CreateIssues (20130213204228)
  [1m[35m (1.0ms)[0m  select sqlite_version(*)
  [1m[36m (0.0ms)[0m  [1mbegin transaction[0m
  [1m[35m (0.0ms)[0m  rollback transaction
  [1m[36m (1.0ms)[0m  [1mSELECT "schema_migrations"."version" FROM "schema_migrations" [0m
Migrating to CreatePosts (20130123035643)
Migrating to Contact (20130206183938)
Migrating to Hobby (20130207013211)
Migrating to Music (20130207013658)
Migrating to Movies (20130207013840)
Migrating to Issues (20130213064242)
Migrating to LearnMore (20130213064615)
Migrating to JOin (20130213064703)
Migrating to JoinStaff (20130213064734)
Migrating to CreateIssues (20130213204228)
  [1m[35m (0.0ms)[0m  select sqlite_version(*)
  [1m[36m (0.0ms)[0m  [1mbegin transaction[0m
  [1m[35m (0.0ms)[0m  rollback transaction
